CRITICAL - 2022-11-20 15:37:02 --> Too few arguments to function App\Controllers\User::detail(), 0 passed in C:\xampp\htdocs\SIPM_polda\system\CodeIgniter.php on line 832 and exactly 1 expected
#0 C:\xampp\htdocs\SIPM_polda\system\CodeIgniter.php(832): App\Controllers\User->detail()
#1 C:\xampp\htdocs\SIPM_polda\system\CodeIgniter.php(419): CodeIgniter\CodeIgniter->runController(Object(App\Controllers\User))
#2 C:\xampp\htdocs\SIPM_polda\system\CodeIgniter.php(326): CodeIgniter\CodeIgniter->handleRequest(NULL, Object(Config\Cache), false)
#3 C:\xampp\htdocs\SIPM_polda\public\index.php(37): CodeIgniter\CodeIgniter->run()
#4 C:\xampp\htdocs\SIPM_polda\system\Commands\Server\rewrite.php(43): require_once('C:\\xampp\\htdocs...')
#5 {main}
CRITICAL - 2022-11-20 16:27:33 --> Too few arguments to function App\Controllers\User::detail(), 0 passed in C:\xampp\htdocs\SIPM_polda\system\CodeIgniter.php on line 832 and exactly 1 expected
#0 C:\xampp\htdocs\SIPM_polda\system\CodeIgniter.php(832): App\Controllers\User->detail()
#1 C:\xampp\htdocs\SIPM_polda\system\CodeIgniter.php(419): CodeIgniter\CodeIgniter->runController(Object(App\Controllers\User))
#2 C:\xampp\htdocs\SIPM_polda\system\CodeIgniter.php(326): CodeIgniter\CodeIgniter->handleRequest(NULL, Object(Config\Cache), false)
#3 C:\xampp\htdocs\SIPM_polda\public\index.php(37): CodeIgniter\CodeIgniter->run()
#4 C:\xampp\htdocs\SIPM_polda\system\Commands\Server\rewrite.php(43): require_once('C:\\xampp\\htdocs...')
#5 {main}
CRITICAL - 2022-11-20 16:28:54 --> Too few arguments to function App\Controllers\User::ubah(), 0 passed in C:\xampp\htdocs\SIPM_polda\system\CodeIgniter.php on line 832 and exactly 1 expected
#0 C:\xampp\htdocs\SIPM_polda\system\CodeIgniter.php(832): App\Controllers\User->ubah()
#1 C:\xampp\htdocs\SIPM_polda\system\CodeIgniter.php(419): CodeIgniter\CodeIgniter->runController(Object(App\Controllers\User))
#2 C:\xampp\htdocs\SIPM_polda\system\CodeIgniter.php(326): CodeIgniter\CodeIgniter->handleRequest(NULL, Object(Config\Cache), false)
#3 C:\xampp\htdocs\SIPM_polda\public\index.php(37): CodeIgniter\CodeIgniter->run()
#4 C:\xampp\htdocs\SIPM_polda\system\Commands\Server\rewrite.php(43): require_once('C:\\xampp\\htdocs...')
#5 {main}
CRITICAL - 2022-11-20 16:31:35 --> Undefined variable: validation
#0 C:\xampp\htdocs\SIPM_polda\app\Views\user\pengaduan\ubah_pengaduan.php(40): CodeIgniter\Debug\Exceptions->errorHandler(8, 'Undefined varia...', 'C:\\xampp\\htdocs...', 40, Array)
#1 C:\xampp\htdocs\SIPM_polda\system\View\View.php(210): include('C:\\xampp\\htdocs...')
#2 C:\xampp\htdocs\SIPM_polda\system\View\View.php(213): CodeIgniter\View\View->CodeIgniter\View\{closure}()
#3 C:\xampp\htdocs\SIPM_polda\system\Common.php(1089): CodeIgniter\View\View->render('user/pengaduan/...', Array, true)
#4 C:\xampp\htdocs\SIPM_polda\app\Controllers\User.php(206): view('user/pengaduan/...', Array)
#5 C:\xampp\htdocs\SIPM_polda\system\CodeIgniter.php(832): App\Controllers\User->ubah('15')
#6 C:\xampp\htdocs\SIPM_polda\system\CodeIgniter.php(419): CodeIgniter\CodeIgniter->runController(Object(App\Controllers\User))
#7 C:\xampp\htdocs\SIPM_polda\system\CodeIgniter.php(326): CodeIgniter\CodeIgniter->handleRequest(NULL, Object(Config\Cache), false)
#8 C:\xampp\htdocs\SIPM_polda\public\index.php(37): CodeIgniter\CodeIgniter->run()
#9 C:\xampp\htdocs\SIPM_polda\system\Commands\Server\rewrite.php(43): require_once('C:\\xampp\\htdocs...')
#10 {main}
CRITICAL - 2022-11-20 16:33:49 --> Undefined variable: data
#0 C:\xampp\htdocs\SIPM_polda\app\Views\user\pengaduan\ubah_pengaduan.php(40): CodeIgniter\Debug\Exceptions->errorHandler(8, 'Undefined varia...', 'C:\\xampp\\htdocs...', 40, Array)
#1 C:\xampp\htdocs\SIPM_polda\system\View\View.php(210): include('C:\\xampp\\htdocs...')
#2 C:\xampp\htdocs\SIPM_polda\system\View\View.php(213): CodeIgniter\View\View->CodeIgniter\View\{closure}()
#3 C:\xampp\htdocs\SIPM_polda\system\Common.php(1089): CodeIgniter\View\View->render('user/pengaduan/...', Array, true)
#4 C:\xampp\htdocs\SIPM_polda\app\Controllers\User.php(207): view('user/pengaduan/...', Array)
#5 C:\xampp\htdocs\SIPM_polda\system\CodeIgniter.php(832): App\Controllers\User->ubah('15')
#6 C:\xampp\htdocs\SIPM_polda\system\CodeIgniter.php(419): CodeIgniter\CodeIgniter->runController(Object(App\Controllers\User))
#7 C:\xampp\htdocs\SIPM_polda\system\CodeIgniter.php(326): CodeIgniter\CodeIgniter->handleRequest(NULL, Object(Config\Cache), false)
#8 C:\xampp\htdocs\SIPM_polda\public\index.php(37): CodeIgniter\CodeIgniter->run()
#9 C:\xampp\htdocs\SIPM_polda\system\Commands\Server\rewrite.php(43): require_once('C:\\xampp\\htdocs...')
#10 {main}
CRITICAL - 2022-11-20 16:34:10 --> Cannot use object of type stdClass as array
#0 C:\xampp\htdocs\SIPM_polda\system\View\View.php(210): include()
#1 C:\xampp\htdocs\SIPM_polda\system\View\View.php(213): CodeIgniter\View\View->CodeIgniter\View\{closure}()
#2 C:\xampp\htdocs\SIPM_polda\system\Common.php(1089): CodeIgniter\View\View->render('user/pengaduan/...', Array, true)
#3 C:\xampp\htdocs\SIPM_polda\app\Controllers\User.php(207): view('user/pengaduan/...', Array)
#4 C:\xampp\htdocs\SIPM_polda\system\CodeIgniter.php(832): App\Controllers\User->ubah('15')
#5 C:\xampp\htdocs\SIPM_polda\system\CodeIgniter.php(419): CodeIgniter\CodeIgniter->runController(Object(App\Controllers\User))
#6 C:\xampp\htdocs\SIPM_polda\system\CodeIgniter.php(326): CodeIgniter\CodeIgniter->handleRequest(NULL, Object(Config\Cache), false)
#7 C:\xampp\htdocs\SIPM_polda\public\index.php(37): CodeIgniter\CodeIgniter->run()
#8 C:\xampp\htdocs\SIPM_polda\system\Commands\Server\rewrite.php(43): require_once('C:\\xampp\\htdocs...')
#9 {main}
CRITICAL - 2022-11-20 16:35:18 --> Undefined index: judul_pengaduan
#0 C:\xampp\htdocs\SIPM_polda\app\Views\user\pengaduan\ubah_pengaduan.php(40): CodeIgniter\Debug\Exceptions->errorHandler(8, 'Undefined index...', 'C:\\xampp\\htdocs...', 40, Array)
#1 C:\xampp\htdocs\SIPM_polda\system\View\View.php(210): include('C:\\xampp\\htdocs...')
#2 C:\xampp\htdocs\SIPM_polda\system\View\View.php(213): CodeIgniter\View\View->CodeIgniter\View\{closure}()
#3 C:\xampp\htdocs\SIPM_polda\system\Common.php(1089): CodeIgniter\View\View->render('user/pengaduan/...', Array, true)
#4 C:\xampp\htdocs\SIPM_polda\app\Controllers\User.php(207): view('user/pengaduan/...', Array)
#5 C:\xampp\htdocs\SIPM_polda\system\CodeIgniter.php(832): App\Controllers\User->ubah('15')
#6 C:\xampp\htdocs\SIPM_polda\system\CodeIgniter.php(419): CodeIgniter\CodeIgniter->runController(Object(App\Controllers\User))
#7 C:\xampp\htdocs\SIPM_polda\system\CodeIgniter.php(326): CodeIgniter\CodeIgniter->handleRequest(NULL, Object(Config\Cache), false)
#8 C:\xampp\htdocs\SIPM_polda\public\index.php(37): CodeIgniter\CodeIgniter->run()
#9 C:\xampp\htdocs\SIPM_polda\system\Commands\Server\rewrite.php(43): require_once('C:\\xampp\\htdocs...')
#10 {main}
