ERROR - 2022-11-24 19:35:12 --> Error connecting to the database: No connection could be made because the target machine actively refused it.

CRITICAL - 2022-11-24 19:35:12 --> Unable to connect to the database.
Main connection [MySQLi]: No connection could be made because the target machine actively refused it.

#0 C:\xampp\htdocs\SIPM_polda\system\Database\BaseConnection.php(577): CodeIgniter\Database\BaseConnection->initialize()
#1 C:\xampp\htdocs\SIPM_polda\system\Database\BaseBuilder.php(1455): CodeIgniter\Database\BaseConnection->query('SELECT *\nFROM `...', Array, false)
#2 C:\xampp\htdocs\SIPM_polda\system\Model.php(210): CodeIgniter\Database\BaseBuilder->get()
#3 C:\xampp\htdocs\SIPM_polda\system\BaseModel.php(622): CodeIgniter\Model->doFirst()
#4 C:\xampp\htdocs\SIPM_polda\vendor\myth\auth\src\Authentication\LocalAuthenticator.php(140): CodeIgniter\BaseModel->first()
#5 C:\xampp\htdocs\SIPM_polda\vendor\myth\auth\src\Authentication\LocalAuthenticator.php(19): Myth\Auth\Authentication\LocalAuthenticator->validate(Array, true)
#6 C:\xampp\htdocs\SIPM_polda\vendor\myth\auth\src\Controllers\AuthController.php(87): Myth\Auth\Authentication\LocalAuthenticator->attempt(Array, false)
#7 C:\xampp\htdocs\SIPM_polda\system\CodeIgniter.php(832): Myth\Auth\Controllers\AuthController->attemptLogin()
#8 C:\xampp\htdocs\SIPM_polda\system\CodeIgniter.php(419): CodeIgniter\CodeIgniter->runController(Object(Myth\Auth\Controllers\AuthController))
#9 C:\xampp\htdocs\SIPM_polda\system\CodeIgniter.php(326): CodeIgniter\CodeIgniter->handleRequest(NULL, Object(Config\Cache), false)
#10 C:\xampp\htdocs\SIPM_polda\public\index.php(37): CodeIgniter\CodeIgniter->run()
#11 C:\xampp\htdocs\SIPM_polda\system\Commands\Server\rewrite.php(43): require_once('C:\\xampp\\htdocs...')
#12 {main}
CRITICAL - 2022-11-24 20:54:04 --> Undefined variable: validation
#0 C:\xampp\htdocs\SIPM_polda\app\Views\admin\pengaduan\detail_pengaduan.php(163): CodeIgniter\Debug\Exceptions->errorHandler(8, 'Undefined varia...', 'C:\\xampp\\htdocs...', 163, Array)
#1 C:\xampp\htdocs\SIPM_polda\system\View\View.php(210): include('C:\\xampp\\htdocs...')
#2 C:\xampp\htdocs\SIPM_polda\system\View\View.php(213): CodeIgniter\View\View->CodeIgniter\View\{closure}()
#3 C:\xampp\htdocs\SIPM_polda\system\Common.php(1089): CodeIgniter\View\View->render('admin/pengaduan...', Array, true)
#4 C:\xampp\htdocs\SIPM_polda\app\Controllers\Admin.php(91): view('admin/pengaduan...', Array)
#5 C:\xampp\htdocs\SIPM_polda\system\CodeIgniter.php(832): App\Controllers\Admin->detail('54')
#6 C:\xampp\htdocs\SIPM_polda\system\CodeIgniter.php(419): CodeIgniter\CodeIgniter->runController(Object(App\Controllers\Admin))
#7 C:\xampp\htdocs\SIPM_polda\system\CodeIgniter.php(326): CodeIgniter\CodeIgniter->handleRequest(NULL, Object(Config\Cache), false)
#8 C:\xampp\htdocs\SIPM_polda\public\index.php(37): CodeIgniter\CodeIgniter->run()
#9 C:\xampp\htdocs\SIPM_polda\system\Commands\Server\rewrite.php(43): require_once('C:\\xampp\\htdocs...')
#10 {main}
