CRITICAL - 2022-11-22 07:19:07 --> Call to undefined function user()
#0 C:\Users\ganda\Documents\GitHub\SIPM_polda\system\View\View.php(210): include()
#1 C:\Users\ganda\Documents\GitHub\SIPM_polda\system\View\View.php(213): CodeIgniter\View\View->CodeIgniter\View\{closure}()
#2 C:\Users\ganda\Documents\GitHub\SIPM_polda\system\View\View.php(226): CodeIgniter\View\View->render('user/templates/...', Array, true)
#3 C:\Users\ganda\Documents\GitHub\SIPM_polda\system\Common.php(1089): CodeIgniter\View\View->render('\\App\\Views\\logi...', Array, true)
#4 C:\Users\ganda\Documents\GitHub\SIPM_polda\vendor\myth\auth\src\Controllers\AuthController.php(412): view('\\App\\Views\\logi...', Array)
#5 C:\Users\ganda\Documents\GitHub\SIPM_polda\vendor\myth\auth\src\Controllers\AuthController.php(58): Myth\Auth\Controllers\AuthController->_render('\\App\\Views\\logi...', Array)
#6 C:\Users\ganda\Documents\GitHub\SIPM_polda\system\CodeIgniter.php(832): Myth\Auth\Controllers\AuthController->login()
#7 C:\Users\ganda\Documents\GitHub\SIPM_polda\system\CodeIgniter.php(419): CodeIgniter\CodeIgniter->runController(Object(Myth\Auth\Controllers\AuthController))
#8 C:\Users\ganda\Documents\GitHub\SIPM_polda\system\CodeIgniter.php(326): CodeIgniter\CodeIgniter->handleRequest(NULL, Object(Config\Cache), false)
#9 C:\Users\ganda\Documents\GitHub\SIPM_polda\public\index.php(37): CodeIgniter\CodeIgniter->run()
#10 C:\Users\ganda\Documents\GitHub\SIPM_polda\system\Commands\Server\rewrite.php(43): require_once('C:\\Users\\ganda\\...')
#11 {main}
CRITICAL - 2022-11-22 07:36:28 --> Undefined variable: title
#0 C:\Users\ganda\Documents\GitHub\SIPM_polda\app\Views\front\landing.php(8): CodeIgniter\Debug\Exceptions->errorHandler(8, 'Undefined varia...', 'C:\\Users\\ganda\\...', 8, Array)
#1 C:\Users\ganda\Documents\GitHub\SIPM_polda\system\View\View.php(210): include('C:\\Users\\ganda\\...')
#2 C:\Users\ganda\Documents\GitHub\SIPM_polda\system\View\View.php(213): CodeIgniter\View\View->CodeIgniter\View\{closure}()
#3 C:\Users\ganda\Documents\GitHub\SIPM_polda\system\Common.php(1089): CodeIgniter\View\View->render('front/landing', Array, true)
#4 C:\Users\ganda\Documents\GitHub\SIPM_polda\app\Controllers\Home.php(12): view('front/landing')
#5 C:\Users\ganda\Documents\GitHub\SIPM_polda\system\CodeIgniter.php(832): App\Controllers\Home->index()
#6 C:\Users\ganda\Documents\GitHub\SIPM_polda\system\CodeIgniter.php(419): CodeIgniter\CodeIgniter->runController(Object(App\Controllers\Home))
#7 C:\Users\ganda\Documents\GitHub\SIPM_polda\system\CodeIgniter.php(326): CodeIgniter\CodeIgniter->handleRequest(NULL, Object(Config\Cache), false)
#8 C:\Users\ganda\Documents\GitHub\SIPM_polda\public\index.php(37): CodeIgniter\CodeIgniter->run()
#9 C:\Users\ganda\Documents\GitHub\SIPM_polda\system\Commands\Server\rewrite.php(43): require_once('C:\\Users\\ganda\\...')
#10 {main}
CRITICAL - 2022-11-22 07:37:06 --> Undefined variable: title
#0 C:\Users\ganda\Documents\GitHub\SIPM_polda\app\Views\front\landing.php(8): CodeIgniter\Debug\Exceptions->errorHandler(8, 'Undefined varia...', 'C:\\Users\\ganda\\...', 8, Array)
#1 C:\Users\ganda\Documents\GitHub\SIPM_polda\system\View\View.php(210): include('C:\\Users\\ganda\\...')
#2 C:\Users\ganda\Documents\GitHub\SIPM_polda\system\View\View.php(213): CodeIgniter\View\View->CodeIgniter\View\{closure}()
#3 C:\Users\ganda\Documents\GitHub\SIPM_polda\system\Common.php(1089): CodeIgniter\View\View->render('front/landing', Array, true)
#4 C:\Users\ganda\Documents\GitHub\SIPM_polda\app\Controllers\Home.php(12): view('front/landing')
#5 C:\Users\ganda\Documents\GitHub\SIPM_polda\system\CodeIgniter.php(832): App\Controllers\Home->index()
#6 C:\Users\ganda\Documents\GitHub\SIPM_polda\system\CodeIgniter.php(419): CodeIgniter\CodeIgniter->runController(Object(App\Controllers\Home))
#7 C:\Users\ganda\Documents\GitHub\SIPM_polda\system\CodeIgniter.php(326): CodeIgniter\CodeIgniter->handleRequest(NULL, Object(Config\Cache), false)
#8 C:\Users\ganda\Documents\GitHub\SIPM_polda\public\index.php(37): CodeIgniter\CodeIgniter->run()
#9 C:\Users\ganda\Documents\GitHub\SIPM_polda\system\Commands\Server\rewrite.php(43): require_once('C:\\Users\\ganda\\...')
#10 {main}
CRITICAL - 2022-11-22 07:38:05 --> Undefined variable: title
#0 C:\Users\ganda\Documents\GitHub\SIPM_polda\app\Views\front\landing.php(8): CodeIgniter\Debug\Exceptions->errorHandler(8, 'Undefined varia...', 'C:\\Users\\ganda\\...', 8, Array)
#1 C:\Users\ganda\Documents\GitHub\SIPM_polda\system\View\View.php(210): include('C:\\Users\\ganda\\...')
#2 C:\Users\ganda\Documents\GitHub\SIPM_polda\system\View\View.php(213): CodeIgniter\View\View->CodeIgniter\View\{closure}()
#3 C:\Users\ganda\Documents\GitHub\SIPM_polda\system\Common.php(1089): CodeIgniter\View\View->render('front/landing', Array, true)
#4 C:\Users\ganda\Documents\GitHub\SIPM_polda\app\Controllers\Home.php(12): view('front/landing')
#5 C:\Users\ganda\Documents\GitHub\SIPM_polda\system\CodeIgniter.php(832): App\Controllers\Home->index()
#6 C:\Users\ganda\Documents\GitHub\SIPM_polda\system\CodeIgniter.php(419): CodeIgniter\CodeIgniter->runController(Object(App\Controllers\Home))
#7 C:\Users\ganda\Documents\GitHub\SIPM_polda\system\CodeIgniter.php(326): CodeIgniter\CodeIgniter->handleRequest(NULL, Object(Config\Cache), false)
#8 C:\Users\ganda\Documents\GitHub\SIPM_polda\public\index.php(37): CodeIgniter\CodeIgniter->run()
#9 C:\Users\ganda\Documents\GitHub\SIPM_polda\system\Commands\Server\rewrite.php(43): require_once('C:\\Users\\ganda\\...')
#10 {main}
CRITICAL - 2022-11-22 07:38:15 --> Undefined variable: title
#0 C:\Users\ganda\Documents\GitHub\SIPM_polda\app\Views\front\landing.php(8): CodeIgniter\Debug\Exceptions->errorHandler(8, 'Undefined varia...', 'C:\\Users\\ganda\\...', 8, Array)
#1 C:\Users\ganda\Documents\GitHub\SIPM_polda\system\View\View.php(210): include('C:\\Users\\ganda\\...')
#2 C:\Users\ganda\Documents\GitHub\SIPM_polda\system\View\View.php(213): CodeIgniter\View\View->CodeIgniter\View\{closure}()
#3 C:\Users\ganda\Documents\GitHub\SIPM_polda\system\Common.php(1089): CodeIgniter\View\View->render('front/landing', Array, true)
#4 C:\Users\ganda\Documents\GitHub\SIPM_polda\app\Controllers\Home.php(12): view('front/landing')
#5 C:\Users\ganda\Documents\GitHub\SIPM_polda\system\CodeIgniter.php(832): App\Controllers\Home->index()
#6 C:\Users\ganda\Documents\GitHub\SIPM_polda\system\CodeIgniter.php(419): CodeIgniter\CodeIgniter->runController(Object(App\Controllers\Home))
#7 C:\Users\ganda\Documents\GitHub\SIPM_polda\system\CodeIgniter.php(326): CodeIgniter\CodeIgniter->handleRequest(NULL, Object(Config\Cache), false)
#8 C:\Users\ganda\Documents\GitHub\SIPM_polda\public\index.php(37): CodeIgniter\CodeIgniter->run()
#9 C:\Users\ganda\Documents\GitHub\SIPM_polda\system\Commands\Server\rewrite.php(43): require_once('C:\\Users\\ganda\\...')
#10 {main}
CRITICAL - 2022-11-22 07:46:54 --> Undefined variable: title
#0 C:\Users\ganda\Documents\GitHub\SIPM_polda\app\Views\front\landing.php(8): CodeIgniter\Debug\Exceptions->errorHandler(8, 'Undefined varia...', 'C:\\Users\\ganda\\...', 8, Array)
#1 C:\Users\ganda\Documents\GitHub\SIPM_polda\system\View\View.php(210): include('C:\\Users\\ganda\\...')
#2 C:\Users\ganda\Documents\GitHub\SIPM_polda\system\View\View.php(213): CodeIgniter\View\View->CodeIgniter\View\{closure}()
#3 C:\Users\ganda\Documents\GitHub\SIPM_polda\system\Common.php(1089): CodeIgniter\View\View->render('front/landing', Array, true)
#4 C:\Users\ganda\Documents\GitHub\SIPM_polda\app\Controllers\Home.php(12): view('front/landing')
#5 C:\Users\ganda\Documents\GitHub\SIPM_polda\system\CodeIgniter.php(832): App\Controllers\Home->index()
#6 C:\Users\ganda\Documents\GitHub\SIPM_polda\system\CodeIgniter.php(419): CodeIgniter\CodeIgniter->runController(Object(App\Controllers\Home))
#7 C:\Users\ganda\Documents\GitHub\SIPM_polda\system\CodeIgniter.php(326): CodeIgniter\CodeIgniter->handleRequest(NULL, Object(Config\Cache), false)
#8 C:\Users\ganda\Documents\GitHub\SIPM_polda\public\index.php(37): CodeIgniter\CodeIgniter->run()
#9 C:\Users\ganda\Documents\GitHub\SIPM_polda\system\Commands\Server\rewrite.php(43): require_once('C:\\Users\\ganda\\...')
#10 {main}
CRITICAL - 2022-11-22 07:48:35 --> Undefined variable: title
#0 C:\Users\ganda\Documents\GitHub\SIPM_polda\app\Views\front\landing.php(8): CodeIgniter\Debug\Exceptions->errorHandler(8, 'Undefined varia...', 'C:\\Users\\ganda\\...', 8, Array)
#1 C:\Users\ganda\Documents\GitHub\SIPM_polda\system\View\View.php(210): include('C:\\Users\\ganda\\...')
#2 C:\Users\ganda\Documents\GitHub\SIPM_polda\system\View\View.php(213): CodeIgniter\View\View->CodeIgniter\View\{closure}()
#3 C:\Users\ganda\Documents\GitHub\SIPM_polda\system\Common.php(1089): CodeIgniter\View\View->render('front/landing', Array, true)
#4 C:\Users\ganda\Documents\GitHub\SIPM_polda\app\Controllers\Home.php(12): view('front/landing')
#5 C:\Users\ganda\Documents\GitHub\SIPM_polda\system\CodeIgniter.php(832): App\Controllers\Home->index()
#6 C:\Users\ganda\Documents\GitHub\SIPM_polda\system\CodeIgniter.php(419): CodeIgniter\CodeIgniter->runController(Object(App\Controllers\Home))
#7 C:\Users\ganda\Documents\GitHub\SIPM_polda\system\CodeIgniter.php(326): CodeIgniter\CodeIgniter->handleRequest(NULL, Object(Config\Cache), false)
#8 C:\Users\ganda\Documents\GitHub\SIPM_polda\public\index.php(37): CodeIgniter\CodeIgniter->run()
#9 C:\Users\ganda\Documents\GitHub\SIPM_polda\system\Commands\Server\rewrite.php(43): require_once('C:\\Users\\ganda\\...')
#10 {main}
CRITICAL - 2022-11-22 07:56:00 --> Call to undefined function form_open()
#0 C:\Users\ganda\Documents\GitHub\SIPM_polda\system\View\View.php(210): include()
#1 C:\Users\ganda\Documents\GitHub\SIPM_polda\system\View\View.php(213): CodeIgniter\View\View->CodeIgniter\View\{closure}()
#2 C:\Users\ganda\Documents\GitHub\SIPM_polda\system\Common.php(1089): CodeIgniter\View\View->render('\\App\\Views\\logi...', Array, true)
#3 C:\Users\ganda\Documents\GitHub\SIPM_polda\vendor\myth\auth\src\Controllers\AuthController.php(412): view('\\App\\Views\\logi...', Array)
#4 C:\Users\ganda\Documents\GitHub\SIPM_polda\vendor\myth\auth\src\Controllers\AuthController.php(58): Myth\Auth\Controllers\AuthController->_render('\\App\\Views\\logi...', Array)
#5 C:\Users\ganda\Documents\GitHub\SIPM_polda\system\CodeIgniter.php(832): Myth\Auth\Controllers\AuthController->login()
#6 C:\Users\ganda\Documents\GitHub\SIPM_polda\system\CodeIgniter.php(419): CodeIgniter\CodeIgniter->runController(Object(Myth\Auth\Controllers\AuthController))
#7 C:\Users\ganda\Documents\GitHub\SIPM_polda\system\CodeIgniter.php(326): CodeIgniter\CodeIgniter->handleRequest(NULL, Object(Config\Cache), false)
#8 C:\Users\ganda\Documents\GitHub\SIPM_polda\public\index.php(37): CodeIgniter\CodeIgniter->run()
#9 C:\Users\ganda\Documents\GitHub\SIPM_polda\system\Commands\Server\rewrite.php(43): require_once('C:\\Users\\ganda\\...')
#10 {main}
CRITICAL - 2022-11-22 08:15:35 --> Call to undefined function form_open()
#0 C:\Users\ganda\Documents\GitHub\SIPM_polda\system\View\View.php(210): include()
#1 C:\Users\ganda\Documents\GitHub\SIPM_polda\system\View\View.php(213): CodeIgniter\View\View->CodeIgniter\View\{closure}()
#2 C:\Users\ganda\Documents\GitHub\SIPM_polda\system\Common.php(1089): CodeIgniter\View\View->render('\\App\\Views\\logi...', Array, true)
#3 C:\Users\ganda\Documents\GitHub\SIPM_polda\vendor\myth\auth\src\Controllers\AuthController.php(412): view('\\App\\Views\\logi...', Array)
#4 C:\Users\ganda\Documents\GitHub\SIPM_polda\vendor\myth\auth\src\Controllers\AuthController.php(58): Myth\Auth\Controllers\AuthController->_render('\\App\\Views\\logi...', Array)
#5 C:\Users\ganda\Documents\GitHub\SIPM_polda\system\CodeIgniter.php(832): Myth\Auth\Controllers\AuthController->login()
#6 C:\Users\ganda\Documents\GitHub\SIPM_polda\system\CodeIgniter.php(419): CodeIgniter\CodeIgniter->runController(Object(Myth\Auth\Controllers\AuthController))
#7 C:\Users\ganda\Documents\GitHub\SIPM_polda\system\CodeIgniter.php(326): CodeIgniter\CodeIgniter->handleRequest(NULL, Object(Config\Cache), false)
#8 C:\Users\ganda\Documents\GitHub\SIPM_polda\public\index.php(37): CodeIgniter\CodeIgniter->run()
#9 C:\Users\ganda\Documents\GitHub\SIPM_polda\system\Commands\Server\rewrite.php(43): require_once('C:\\Users\\ganda\\...')
#10 {main}
CRITICAL - 2022-11-22 08:23:07 --> Call to undefined function form_open()
#0 C:\Users\ganda\Documents\GitHub\SIPM_polda\system\View\View.php(210): include()
#1 C:\Users\ganda\Documents\GitHub\SIPM_polda\system\View\View.php(213): CodeIgniter\View\View->CodeIgniter\View\{closure}()
#2 C:\Users\ganda\Documents\GitHub\SIPM_polda\system\Common.php(1089): CodeIgniter\View\View->render('\\App\\Views\\logi...', Array, true)
#3 C:\Users\ganda\Documents\GitHub\SIPM_polda\vendor\myth\auth\src\Controllers\AuthController.php(412): view('\\App\\Views\\logi...', Array)
#4 C:\Users\ganda\Documents\GitHub\SIPM_polda\vendor\myth\auth\src\Controllers\AuthController.php(58): Myth\Auth\Controllers\AuthController->_render('\\App\\Views\\logi...', Array)
#5 C:\Users\ganda\Documents\GitHub\SIPM_polda\system\CodeIgniter.php(832): Myth\Auth\Controllers\AuthController->login()
#6 C:\Users\ganda\Documents\GitHub\SIPM_polda\system\CodeIgniter.php(419): CodeIgniter\CodeIgniter->runController(Object(Myth\Auth\Controllers\AuthController))
#7 C:\Users\ganda\Documents\GitHub\SIPM_polda\system\CodeIgniter.php(326): CodeIgniter\CodeIgniter->handleRequest(NULL, Object(Config\Cache), false)
#8 C:\Users\ganda\Documents\GitHub\SIPM_polda\public\index.php(37): CodeIgniter\CodeIgniter->run()
#9 C:\Users\ganda\Documents\GitHub\SIPM_polda\system\Commands\Server\rewrite.php(43): require_once('C:\\Users\\ganda\\...')
#10 {main}
CRITICAL - 2022-11-22 08:25:29 --> Call to undefined function form_open()
#0 C:\Users\ganda\Documents\GitHub\SIPM_polda\system\View\View.php(210): include()
#1 C:\Users\ganda\Documents\GitHub\SIPM_polda\system\View\View.php(213): CodeIgniter\View\View->CodeIgniter\View\{closure}()
#2 C:\Users\ganda\Documents\GitHub\SIPM_polda\system\Common.php(1089): CodeIgniter\View\View->render('\\App\\Views\\logi...', Array, true)
#3 C:\Users\ganda\Documents\GitHub\SIPM_polda\vendor\myth\auth\src\Controllers\AuthController.php(412): view('\\App\\Views\\logi...', Array)
#4 C:\Users\ganda\Documents\GitHub\SIPM_polda\vendor\myth\auth\src\Controllers\AuthController.php(58): Myth\Auth\Controllers\AuthController->_render('\\App\\Views\\logi...', Array)
#5 C:\Users\ganda\Documents\GitHub\SIPM_polda\system\CodeIgniter.php(832): Myth\Auth\Controllers\AuthController->login()
#6 C:\Users\ganda\Documents\GitHub\SIPM_polda\system\CodeIgniter.php(419): CodeIgniter\CodeIgniter->runController(Object(Myth\Auth\Controllers\AuthController))
#7 C:\Users\ganda\Documents\GitHub\SIPM_polda\system\CodeIgniter.php(326): CodeIgniter\CodeIgniter->handleRequest(NULL, Object(Config\Cache), false)
#8 C:\Users\ganda\Documents\GitHub\SIPM_polda\public\index.php(37): CodeIgniter\CodeIgniter->run()
#9 C:\Users\ganda\Documents\GitHub\SIPM_polda\system\Commands\Server\rewrite.php(43): require_once('C:\\Users\\ganda\\...')
#10 {main}
CRITICAL - 2022-11-22 08:25:37 --> Call to undefined function form_open()
#0 C:\Users\ganda\Documents\GitHub\SIPM_polda\system\View\View.php(210): include()
#1 C:\Users\ganda\Documents\GitHub\SIPM_polda\system\View\View.php(213): CodeIgniter\View\View->CodeIgniter\View\{closure}()
#2 C:\Users\ganda\Documents\GitHub\SIPM_polda\system\Common.php(1089): CodeIgniter\View\View->render('\\App\\Views\\logi...', Array, true)
#3 C:\Users\ganda\Documents\GitHub\SIPM_polda\vendor\myth\auth\src\Controllers\AuthController.php(412): view('\\App\\Views\\logi...', Array)
#4 C:\Users\ganda\Documents\GitHub\SIPM_polda\vendor\myth\auth\src\Controllers\AuthController.php(58): Myth\Auth\Controllers\AuthController->_render('\\App\\Views\\logi...', Array)
#5 C:\Users\ganda\Documents\GitHub\SIPM_polda\system\CodeIgniter.php(832): Myth\Auth\Controllers\AuthController->login()
#6 C:\Users\ganda\Documents\GitHub\SIPM_polda\system\CodeIgniter.php(419): CodeIgniter\CodeIgniter->runController(Object(Myth\Auth\Controllers\AuthController))
#7 C:\Users\ganda\Documents\GitHub\SIPM_polda\system\CodeIgniter.php(326): CodeIgniter\CodeIgniter->handleRequest(NULL, Object(Config\Cache), false)
#8 C:\Users\ganda\Documents\GitHub\SIPM_polda\public\index.php(37): CodeIgniter\CodeIgniter->run()
#9 C:\Users\ganda\Documents\GitHub\SIPM_polda\system\Commands\Server\rewrite.php(43): require_once('C:\\Users\\ganda\\...')
#10 {main}
CRITICAL - 2022-11-22 08:33:13 --> Call to undefined function user()
#0 C:\Users\ganda\Documents\GitHub\SIPM_polda\system\View\View.php(210): include()
#1 C:\Users\ganda\Documents\GitHub\SIPM_polda\system\View\View.php(213): CodeIgniter\View\View->CodeIgniter\View\{closure}()
#2 C:\Users\ganda\Documents\GitHub\SIPM_polda\system\View\View.php(226): CodeIgniter\View\View->render('user/templates/...', Array, true)
#3 C:\Users\ganda\Documents\GitHub\SIPM_polda\system\Common.php(1089): CodeIgniter\View\View->render('\\App\\Views\\logi...', Array, true)
#4 C:\Users\ganda\Documents\GitHub\SIPM_polda\vendor\myth\auth\src\Controllers\AuthController.php(412): view('\\App\\Views\\logi...', Array)
#5 C:\Users\ganda\Documents\GitHub\SIPM_polda\vendor\myth\auth\src\Controllers\AuthController.php(58): Myth\Auth\Controllers\AuthController->_render('\\App\\Views\\logi...', Array)
#6 C:\Users\ganda\Documents\GitHub\SIPM_polda\system\CodeIgniter.php(832): Myth\Auth\Controllers\AuthController->login()
#7 C:\Users\ganda\Documents\GitHub\SIPM_polda\system\CodeIgniter.php(419): CodeIgniter\CodeIgniter->runController(Object(Myth\Auth\Controllers\AuthController))
#8 C:\Users\ganda\Documents\GitHub\SIPM_polda\system\CodeIgniter.php(326): CodeIgniter\CodeIgniter->handleRequest(NULL, Object(Config\Cache), false)
#9 C:\Users\ganda\Documents\GitHub\SIPM_polda\public\index.php(37): CodeIgniter\CodeIgniter->run()
#10 C:\Users\ganda\Documents\GitHub\SIPM_polda\system\Commands\Server\rewrite.php(43): require_once('C:\\Users\\ganda\\...')
#11 {main}
CRITICAL - 2022-11-22 08:52:00 --> Call to undefined function form_open()
#0 C:\Users\ganda\Documents\GitHub\SIPM_polda\system\View\View.php(210): include()
#1 C:\Users\ganda\Documents\GitHub\SIPM_polda\system\View\View.php(213): CodeIgniter\View\View->CodeIgniter\View\{closure}()
#2 C:\Users\ganda\Documents\GitHub\SIPM_polda\system\Common.php(1089): CodeIgniter\View\View->render('\\App\\Views\\logi...', Array, true)
#3 C:\Users\ganda\Documents\GitHub\SIPM_polda\vendor\myth\auth\src\Controllers\AuthController.php(412): view('\\App\\Views\\logi...', Array)
#4 C:\Users\ganda\Documents\GitHub\SIPM_polda\vendor\myth\auth\src\Controllers\AuthController.php(58): Myth\Auth\Controllers\AuthController->_render('\\App\\Views\\logi...', Array)
#5 C:\Users\ganda\Documents\GitHub\SIPM_polda\system\CodeIgniter.php(832): Myth\Auth\Controllers\AuthController->login()
#6 C:\Users\ganda\Documents\GitHub\SIPM_polda\system\CodeIgniter.php(419): CodeIgniter\CodeIgniter->runController(Object(Myth\Auth\Controllers\AuthController))
#7 C:\Users\ganda\Documents\GitHub\SIPM_polda\system\CodeIgniter.php(326): CodeIgniter\CodeIgniter->handleRequest(NULL, Object(Config\Cache), false)
#8 C:\Users\ganda\Documents\GitHub\SIPM_polda\public\index.php(37): CodeIgniter\CodeIgniter->run()
#9 C:\Users\ganda\Documents\GitHub\SIPM_polda\system\Commands\Server\rewrite.php(43): require_once('C:\\Users\\ganda\\...')
#10 {main}
CRITICAL - 2022-11-22 08:53:29 --> Undefined variable: validation
#0 C:\Users\ganda\Documents\GitHub\SIPM_polda\app\Views\login.php(42): CodeIgniter\Debug\Exceptions->errorHandler(8, 'Undefined varia...', 'C:\\Users\\ganda\\...', 42, Array)
#1 C:\Users\ganda\Documents\GitHub\SIPM_polda\system\View\View.php(210): include('C:\\Users\\ganda\\...')
#2 C:\Users\ganda\Documents\GitHub\SIPM_polda\system\View\View.php(213): CodeIgniter\View\View->CodeIgniter\View\{closure}()
#3 C:\Users\ganda\Documents\GitHub\SIPM_polda\system\Common.php(1089): CodeIgniter\View\View->render('\\App\\Views\\logi...', Array, true)
#4 C:\Users\ganda\Documents\GitHub\SIPM_polda\vendor\myth\auth\src\Controllers\AuthController.php(412): view('\\App\\Views\\logi...', Array)
#5 C:\Users\ganda\Documents\GitHub\SIPM_polda\vendor\myth\auth\src\Controllers\AuthController.php(58): Myth\Auth\Controllers\AuthController->_render('\\App\\Views\\logi...', Array)
#6 C:\Users\ganda\Documents\GitHub\SIPM_polda\system\CodeIgniter.php(832): Myth\Auth\Controllers\AuthController->login()
#7 C:\Users\ganda\Documents\GitHub\SIPM_polda\system\CodeIgniter.php(419): CodeIgniter\CodeIgniter->runController(Object(Myth\Auth\Controllers\AuthController))
#8 C:\Users\ganda\Documents\GitHub\SIPM_polda\system\CodeIgniter.php(326): CodeIgniter\CodeIgniter->handleRequest(NULL, Object(Config\Cache), false)
#9 C:\Users\ganda\Documents\GitHub\SIPM_polda\public\index.php(37): CodeIgniter\CodeIgniter->run()
#10 C:\Users\ganda\Documents\GitHub\SIPM_polda\system\Commands\Server\rewrite.php(43): require_once('C:\\Users\\ganda\\...')
#11 {main}
CRITICAL - 2022-11-22 08:56:13 --> Undefined variable: validation
#0 C:\Users\ganda\Documents\GitHub\SIPM_polda\app\Views\login.php(44): CodeIgniter\Debug\Exceptions->errorHandler(8, 'Undefined varia...', 'C:\\Users\\ganda\\...', 44, Array)
#1 C:\Users\ganda\Documents\GitHub\SIPM_polda\system\View\View.php(210): include('C:\\Users\\ganda\\...')
#2 C:\Users\ganda\Documents\GitHub\SIPM_polda\system\View\View.php(213): CodeIgniter\View\View->CodeIgniter\View\{closure}()
#3 C:\Users\ganda\Documents\GitHub\SIPM_polda\system\Common.php(1089): CodeIgniter\View\View->render('\\App\\Views\\logi...', Array, true)
#4 C:\Users\ganda\Documents\GitHub\SIPM_polda\vendor\myth\auth\src\Controllers\AuthController.php(412): view('\\App\\Views\\logi...', Array)
#5 C:\Users\ganda\Documents\GitHub\SIPM_polda\vendor\myth\auth\src\Controllers\AuthController.php(58): Myth\Auth\Controllers\AuthController->_render('\\App\\Views\\logi...', Array)
#6 C:\Users\ganda\Documents\GitHub\SIPM_polda\system\CodeIgniter.php(832): Myth\Auth\Controllers\AuthController->login()
#7 C:\Users\ganda\Documents\GitHub\SIPM_polda\system\CodeIgniter.php(419): CodeIgniter\CodeIgniter->runController(Object(Myth\Auth\Controllers\AuthController))
#8 C:\Users\ganda\Documents\GitHub\SIPM_polda\system\CodeIgniter.php(326): CodeIgniter\CodeIgniter->handleRequest(NULL, Object(Config\Cache), false)
#9 C:\Users\ganda\Documents\GitHub\SIPM_polda\public\index.php(37): CodeIgniter\CodeIgniter->run()
#10 C:\Users\ganda\Documents\GitHub\SIPM_polda\system\Commands\Server\rewrite.php(43): require_once('C:\\Users\\ganda\\...')
#11 {main}
CRITICAL - 2022-11-22 10:19:10 --> Undefined variable: config
#0 C:\Users\ganda\Documents\GitHub\SIPM_polda\app\Views\login.php(61): CodeIgniter\Debug\Exceptions->errorHandler(8, 'Undefined varia...', 'C:\\Users\\ganda\\...', 61, Array)
#1 C:\Users\ganda\Documents\GitHub\SIPM_polda\system\View\View.php(210): include('C:\\Users\\ganda\\...')
#2 C:\Users\ganda\Documents\GitHub\SIPM_polda\system\View\View.php(213): CodeIgniter\View\View->CodeIgniter\View\{closure}()
#3 C:\Users\ganda\Documents\GitHub\SIPM_polda\system\Common.php(1089): CodeIgniter\View\View->render('login', Array, true)
#4 C:\Users\ganda\Documents\GitHub\SIPM_polda\app\Controllers\Auth.php(9): view('login')
#5 C:\Users\ganda\Documents\GitHub\SIPM_polda\system\CodeIgniter.php(832): App\Controllers\Auth->index()
#6 C:\Users\ganda\Documents\GitHub\SIPM_polda\system\CodeIgniter.php(419): CodeIgniter\CodeIgniter->runController(Object(App\Controllers\Auth))
#7 C:\Users\ganda\Documents\GitHub\SIPM_polda\system\CodeIgniter.php(326): CodeIgniter\CodeIgniter->handleRequest(NULL, Object(Config\Cache), false)
#8 C:\Users\ganda\Documents\GitHub\SIPM_polda\public\index.php(37): CodeIgniter\CodeIgniter->run()
#9 C:\Users\ganda\Documents\GitHub\SIPM_polda\system\Commands\Server\rewrite.php(43): require_once('C:\\Users\\ganda\\...')
#10 {main}
CRITICAL - 2022-11-22 10:19:21 --> Undefined variable: config
#0 C:\Users\ganda\Documents\GitHub\SIPM_polda\app\Views\login.php(61): CodeIgniter\Debug\Exceptions->errorHandler(8, 'Undefined varia...', 'C:\\Users\\ganda\\...', 61, Array)
#1 C:\Users\ganda\Documents\GitHub\SIPM_polda\system\View\View.php(210): include('C:\\Users\\ganda\\...')
#2 C:\Users\ganda\Documents\GitHub\SIPM_polda\system\View\View.php(213): CodeIgniter\View\View->CodeIgniter\View\{closure}()
#3 C:\Users\ganda\Documents\GitHub\SIPM_polda\system\Common.php(1089): CodeIgniter\View\View->render('login', Array, true)
#4 C:\Users\ganda\Documents\GitHub\SIPM_polda\app\Controllers\Auth.php(9): view('login')
#5 C:\Users\ganda\Documents\GitHub\SIPM_polda\system\CodeIgniter.php(832): App\Controllers\Auth->index()
#6 C:\Users\ganda\Documents\GitHub\SIPM_polda\system\CodeIgniter.php(419): CodeIgniter\CodeIgniter->runController(Object(App\Controllers\Auth))
#7 C:\Users\ganda\Documents\GitHub\SIPM_polda\system\CodeIgniter.php(326): CodeIgniter\CodeIgniter->handleRequest(NULL, Object(Config\Cache), false)
#8 C:\Users\ganda\Documents\GitHub\SIPM_polda\public\index.php(37): CodeIgniter\CodeIgniter->run()
#9 C:\Users\ganda\Documents\GitHub\SIPM_polda\system\Commands\Server\rewrite.php(43): require_once('C:\\Users\\ganda\\...')
#10 {main}
