CRITICAL - 2022-11-25 03:47:53 --> Trying to get property 'username' of non-object
#0 C:\xampp\htdocs\SIPM_polda\app\Views\admin\templates\index.php(140): CodeIgniter\Debug\Exceptions->errorHandler(8, 'Trying to get p...', 'C:\\xampp\\htdocs...', 140, Array)
#1 C:\xampp\htdocs\SIPM_polda\system\View\View.php(210): include('C:\\xampp\\htdocs...')
#2 C:\xampp\htdocs\SIPM_polda\system\View\View.php(213): CodeIgniter\View\View->CodeIgniter\View\{closure}()
#3 C:\xampp\htdocs\SIPM_polda\system\View\View.php(226): CodeIgniter\View\View->render('admin/templates...', Array, true)
#4 C:\xampp\htdocs\SIPM_polda\system\Common.php(1089): CodeIgniter\View\View->render('admin/pengaduan...', Array, true)
#5 C:\xampp\htdocs\SIPM_polda\app\Controllers\Admin.php(92): view('admin/pengaduan...', Array)
#6 C:\xampp\htdocs\SIPM_polda\system\CodeIgniter.php(832): App\Controllers\Admin->detail('54')
#7 C:\xampp\htdocs\SIPM_polda\system\CodeIgniter.php(419): CodeIgniter\CodeIgniter->runController(Object(App\Controllers\Admin))
#8 C:\xampp\htdocs\SIPM_polda\system\CodeIgniter.php(326): CodeIgniter\CodeIgniter->handleRequest(NULL, Object(Config\Cache), false)
#9 C:\xampp\htdocs\SIPM_polda\public\index.php(37): CodeIgniter\CodeIgniter->run()
#10 C:\xampp\htdocs\SIPM_polda\system\Commands\Server\rewrite.php(43): require_once('C:\\xampp\\htdocs...')
#11 {main}
CRITICAL - 2022-11-25 03:48:15 --> Trying to get property 'username' of non-object
#0 C:\xampp\htdocs\SIPM_polda\app\Views\admin\templates\index.php(140): CodeIgniter\Debug\Exceptions->errorHandler(8, 'Trying to get p...', 'C:\\xampp\\htdocs...', 140, Array)
#1 C:\xampp\htdocs\SIPM_polda\system\View\View.php(210): include('C:\\xampp\\htdocs...')
#2 C:\xampp\htdocs\SIPM_polda\system\View\View.php(213): CodeIgniter\View\View->CodeIgniter\View\{closure}()
#3 C:\xampp\htdocs\SIPM_polda\system\View\View.php(226): CodeIgniter\View\View->render('admin/templates...', Array, true)
#4 C:\xampp\htdocs\SIPM_polda\system\Common.php(1089): CodeIgniter\View\View->render('admin/pengaduan...', Array, true)
#5 C:\xampp\htdocs\SIPM_polda\app\Controllers\Admin.php(92): view('admin/pengaduan...', Array)
#6 C:\xampp\htdocs\SIPM_polda\system\CodeIgniter.php(832): App\Controllers\Admin->detail('54')
#7 C:\xampp\htdocs\SIPM_polda\system\CodeIgniter.php(419): CodeIgniter\CodeIgniter->runController(Object(App\Controllers\Admin))
#8 C:\xampp\htdocs\SIPM_polda\system\CodeIgniter.php(326): CodeIgniter\CodeIgniter->handleRequest(NULL, Object(Config\Cache), false)
#9 C:\xampp\htdocs\SIPM_polda\public\index.php(37): CodeIgniter\CodeIgniter->run()
#10 C:\xampp\htdocs\SIPM_polda\system\Commands\Server\rewrite.php(43): require_once('C:\\xampp\\htdocs...')
#11 {main}
