CRITICAL - 2022-11-16 13:14:08 --> Invalid argument supplied for foreach()
#0 C:\xampp\htdocs\SIPM_polda\app\Views\user\pengaduan\index.php(55): CodeIgniter\Debug\Exceptions->errorHandler(2, 'Invalid argumen...', 'C:\\xampp\\htdocs...', 55, Array)
#1 C:\xampp\htdocs\SIPM_polda\system\View\View.php(210): include('C:\\xampp\\htdocs...')
#2 C:\xampp\htdocs\SIPM_polda\system\View\View.php(213): CodeIgniter\View\View->CodeIgniter\View\{closure}()
#3 C:\xampp\htdocs\SIPM_polda\system\Common.php(1089): CodeIgniter\View\View->render('user/pengaduan/...', Array, true)
#4 C:\xampp\htdocs\SIPM_polda\app\Controllers\User.php(56): view('user/pengaduan/...', Array)
#5 C:\xampp\htdocs\SIPM_polda\system\CodeIgniter.php(832): App\Controllers\User->pengaduan('tambah_pengadua...')
#6 C:\xampp\htdocs\SIPM_polda\system\CodeIgniter.php(419): CodeIgniter\CodeIgniter->runController(Object(App\Controllers\User))
#7 C:\xampp\htdocs\SIPM_polda\system\CodeIgniter.php(326): CodeIgniter\CodeIgniter->handleRequest(NULL, Object(Config\Cache), false)
#8 C:\xampp\htdocs\SIPM_polda\public\index.php(37): CodeIgniter\CodeIgniter->run()
#9 C:\xampp\htdocs\SIPM_polda\system\Commands\Server\rewrite.php(43): require_once('C:\\xampp\\htdocs...')
#10 {main}
CRITICAL - 2022-11-16 13:16:20 --> A non-numeric value encountered
#0 C:\xampp\htdocs\SIPM_polda\app\Views\user\pengaduan\index.php(57): CodeIgniter\Debug\Exceptions->errorHandler(2, 'A non-numeric v...', 'C:\\xampp\\htdocs...', 57, Array)
#1 C:\xampp\htdocs\SIPM_polda\system\View\View.php(210): include('C:\\xampp\\htdocs...')
#2 C:\xampp\htdocs\SIPM_polda\system\View\View.php(213): CodeIgniter\View\View->CodeIgniter\View\{closure}()
#3 C:\xampp\htdocs\SIPM_polda\system\Common.php(1089): CodeIgniter\View\View->render('user/pengaduan/...', Array, true)
#4 C:\xampp\htdocs\SIPM_polda\app\Controllers\User.php(56): view('user/pengaduan/...', Array)
#5 C:\xampp\htdocs\SIPM_polda\system\CodeIgniter.php(832): App\Controllers\User->pengaduan('tambah_pengadua...')
#6 C:\xampp\htdocs\SIPM_polda\system\CodeIgniter.php(419): CodeIgniter\CodeIgniter->runController(Object(App\Controllers\User))
#7 C:\xampp\htdocs\SIPM_polda\system\CodeIgniter.php(326): CodeIgniter\CodeIgniter->handleRequest(NULL, Object(Config\Cache), false)
#8 C:\xampp\htdocs\SIPM_polda\public\index.php(37): CodeIgniter\CodeIgniter->run()
#9 C:\xampp\htdocs\SIPM_polda\system\Commands\Server\rewrite.php(43): require_once('C:\\xampp\\htdocs...')
#10 {main}
CRITICAL - 2022-11-16 13:16:53 --> Illegal string offset 'judul_pengaduan'
#0 C:\xampp\htdocs\SIPM_polda\app\Views\user\pengaduan\index.php(58): CodeIgniter\Debug\Exceptions->errorHandler(2, 'Illegal string ...', 'C:\\xampp\\htdocs...', 58, Array)
#1 C:\xampp\htdocs\SIPM_polda\system\View\View.php(210): include('C:\\xampp\\htdocs...')
#2 C:\xampp\htdocs\SIPM_polda\system\View\View.php(213): CodeIgniter\View\View->CodeIgniter\View\{closure}()
#3 C:\xampp\htdocs\SIPM_polda\system\Common.php(1089): CodeIgniter\View\View->render('user/pengaduan/...', Array, true)
#4 C:\xampp\htdocs\SIPM_polda\app\Controllers\User.php(56): view('user/pengaduan/...', Array)
#5 C:\xampp\htdocs\SIPM_polda\system\CodeIgniter.php(832): App\Controllers\User->pengaduan('tambah_pengadua...')
#6 C:\xampp\htdocs\SIPM_polda\system\CodeIgniter.php(419): CodeIgniter\CodeIgniter->runController(Object(App\Controllers\User))
#7 C:\xampp\htdocs\SIPM_polda\system\CodeIgniter.php(326): CodeIgniter\CodeIgniter->handleRequest(NULL, Object(Config\Cache), false)
#8 C:\xampp\htdocs\SIPM_polda\public\index.php(37): CodeIgniter\CodeIgniter->run()
#9 C:\xampp\htdocs\SIPM_polda\system\Commands\Server\rewrite.php(43): require_once('C:\\xampp\\htdocs...')
#10 {main}
CRITICAL - 2022-11-16 13:23:56 --> A non-numeric value encountered
#0 C:\xampp\htdocs\SIPM_polda\app\Views\user\pengaduan\index.php(60): CodeIgniter\Debug\Exceptions->errorHandler(2, 'A non-numeric v...', 'C:\\xampp\\htdocs...', 60, Array)
#1 C:\xampp\htdocs\SIPM_polda\system\View\View.php(210): include('C:\\xampp\\htdocs...')
#2 C:\xampp\htdocs\SIPM_polda\system\View\View.php(213): CodeIgniter\View\View->CodeIgniter\View\{closure}()
#3 C:\xampp\htdocs\SIPM_polda\system\Common.php(1089): CodeIgniter\View\View->render('user/pengaduan/...', Array, true)
#4 C:\xampp\htdocs\SIPM_polda\app\Controllers\User.php(57): view('user/pengaduan/...', Array)
#5 C:\xampp\htdocs\SIPM_polda\system\CodeIgniter.php(832): App\Controllers\User->pengaduan('tambah_pengadua...')
#6 C:\xampp\htdocs\SIPM_polda\system\CodeIgniter.php(419): CodeIgniter\CodeIgniter->runController(Object(App\Controllers\User))
#7 C:\xampp\htdocs\SIPM_polda\system\CodeIgniter.php(326): CodeIgniter\CodeIgniter->handleRequest(NULL, Object(Config\Cache), false)
#8 C:\xampp\htdocs\SIPM_polda\public\index.php(37): CodeIgniter\CodeIgniter->run()
#9 C:\xampp\htdocs\SIPM_polda\system\Commands\Server\rewrite.php(43): require_once('C:\\xampp\\htdocs...')
#10 {main}
CRITICAL - 2022-11-16 13:24:19 --> A non-numeric value encountered
#0 C:\xampp\htdocs\SIPM_polda\app\Views\user\pengaduan\index.php(60): CodeIgniter\Debug\Exceptions->errorHandler(2, 'A non-numeric v...', 'C:\\xampp\\htdocs...', 60, Array)
#1 C:\xampp\htdocs\SIPM_polda\system\View\View.php(210): include('C:\\xampp\\htdocs...')
#2 C:\xampp\htdocs\SIPM_polda\system\View\View.php(213): CodeIgniter\View\View->CodeIgniter\View\{closure}()
#3 C:\xampp\htdocs\SIPM_polda\system\Common.php(1089): CodeIgniter\View\View->render('user/pengaduan/...', Array, true)
#4 C:\xampp\htdocs\SIPM_polda\app\Controllers\User.php(57): view('user/pengaduan/...', Array)
#5 C:\xampp\htdocs\SIPM_polda\system\CodeIgniter.php(832): App\Controllers\User->pengaduan('tambah_pengadua...')
#6 C:\xampp\htdocs\SIPM_polda\system\CodeIgniter.php(419): CodeIgniter\CodeIgniter->runController(Object(App\Controllers\User))
#7 C:\xampp\htdocs\SIPM_polda\system\CodeIgniter.php(326): CodeIgniter\CodeIgniter->handleRequest(NULL, Object(Config\Cache), false)
#8 C:\xampp\htdocs\SIPM_polda\public\index.php(37): CodeIgniter\CodeIgniter->run()
#9 C:\xampp\htdocs\SIPM_polda\system\Commands\Server\rewrite.php(43): require_once('C:\\xampp\\htdocs...')
#10 {main}
CRITICAL - 2022-11-16 14:04:54 --> date_format() expects parameter 1 to be DateTimeInterface, string given
#0 [internal function]: CodeIgniter\Debug\Exceptions->errorHandler(2, 'date_format() e...', 'C:\\xampp\\htdocs...', 62, Array)
#1 C:\xampp\htdocs\SIPM_polda\app\Views\user\pengaduan\index.php(62): date_format('2022-11-16 01:2...', 'Y m D')
#2 C:\xampp\htdocs\SIPM_polda\system\View\View.php(210): include('C:\\xampp\\htdocs...')
#3 C:\xampp\htdocs\SIPM_polda\system\View\View.php(213): CodeIgniter\View\View->CodeIgniter\View\{closure}()
#4 C:\xampp\htdocs\SIPM_polda\system\Common.php(1089): CodeIgniter\View\View->render('user/pengaduan/...', Array, true)
#5 C:\xampp\htdocs\SIPM_polda\app\Controllers\User.php(57): view('user/pengaduan/...', Array)
#6 C:\xampp\htdocs\SIPM_polda\system\CodeIgniter.php(832): App\Controllers\User->pengaduan()
#7 C:\xampp\htdocs\SIPM_polda\system\CodeIgniter.php(419): CodeIgniter\CodeIgniter->runController(Object(App\Controllers\User))
#8 C:\xampp\htdocs\SIPM_polda\system\CodeIgniter.php(326): CodeIgniter\CodeIgniter->handleRequest(NULL, Object(Config\Cache), false)
#9 C:\xampp\htdocs\SIPM_polda\public\index.php(37): CodeIgniter\CodeIgniter->run()
#10 C:\xampp\htdocs\SIPM_polda\system\Commands\Server\rewrite.php(43): require_once('C:\\xampp\\htdocs...')
#11 {main}
CRITICAL - 2022-11-16 14:05:41 --> date_format() expects parameter 1 to be DateTimeInterface, string given
#0 [internal function]: CodeIgniter\Debug\Exceptions->errorHandler(2, 'date_format() e...', 'C:\\xampp\\htdocs...', 62, Array)
#1 C:\xampp\htdocs\SIPM_polda\app\Views\user\pengaduan\index.php(62): date_format('2022-11-16 01:2...', '%d-%m-%Y')
#2 C:\xampp\htdocs\SIPM_polda\system\View\View.php(210): include('C:\\xampp\\htdocs...')
#3 C:\xampp\htdocs\SIPM_polda\system\View\View.php(213): CodeIgniter\View\View->CodeIgniter\View\{closure}()
#4 C:\xampp\htdocs\SIPM_polda\system\Common.php(1089): CodeIgniter\View\View->render('user/pengaduan/...', Array, true)
#5 C:\xampp\htdocs\SIPM_polda\app\Controllers\User.php(57): view('user/pengaduan/...', Array)
#6 C:\xampp\htdocs\SIPM_polda\system\CodeIgniter.php(832): App\Controllers\User->pengaduan()
#7 C:\xampp\htdocs\SIPM_polda\system\CodeIgniter.php(419): CodeIgniter\CodeIgniter->runController(Object(App\Controllers\User))
#8 C:\xampp\htdocs\SIPM_polda\system\CodeIgniter.php(326): CodeIgniter\CodeIgniter->handleRequest(NULL, Object(Config\Cache), false)
#9 C:\xampp\htdocs\SIPM_polda\public\index.php(37): CodeIgniter\CodeIgniter->run()
#10 C:\xampp\htdocs\SIPM_polda\system\Commands\Server\rewrite.php(43): require_once('C:\\xampp\\htdocs...')
#11 {main}
CRITICAL - 2022-11-16 22:04:55 --> Trying to get property 'username' of non-object
#0 C:\xampp\htdocs\SIPM_polda\app\Views\user\templates\index.php(123): CodeIgniter\Debug\Exceptions->errorHandler(8, 'Trying to get p...', 'C:\\xampp\\htdocs...', 123, Array)
#1 C:\xampp\htdocs\SIPM_polda\system\View\View.php(210): include('C:\\xampp\\htdocs...')
#2 C:\xampp\htdocs\SIPM_polda\system\View\View.php(213): CodeIgniter\View\View->CodeIgniter\View\{closure}()
#3 C:\xampp\htdocs\SIPM_polda\system\View\View.php(226): CodeIgniter\View\View->render('user/templates/...', Array, true)
#4 C:\xampp\htdocs\SIPM_polda\system\Common.php(1089): CodeIgniter\View\View->render('user/pengaduan/...', Array, true)
#5 C:\xampp\htdocs\SIPM_polda\app\Controllers\User.php(129): view('user/pengaduan/...')
#6 C:\xampp\htdocs\SIPM_polda\system\CodeIgniter.php(832): App\Controllers\User->detail()
#7 C:\xampp\htdocs\SIPM_polda\system\CodeIgniter.php(419): CodeIgniter\CodeIgniter->runController(Object(App\Controllers\User))
#8 C:\xampp\htdocs\SIPM_polda\system\CodeIgniter.php(326): CodeIgniter\CodeIgniter->handleRequest(NULL, Object(Config\Cache), false)
#9 C:\xampp\htdocs\SIPM_polda\public\index.php(37): CodeIgniter\CodeIgniter->run()
#10 C:\xampp\htdocs\SIPM_polda\system\Commands\Server\rewrite.php(43): require_once('C:\\xampp\\htdocs...')
#11 {main}
CRITICAL - 2022-11-16 22:05:00 --> Trying to get property 'username' of non-object
#0 C:\xampp\htdocs\SIPM_polda\app\Views\user\templates\index.php(123): CodeIgniter\Debug\Exceptions->errorHandler(8, 'Trying to get p...', 'C:\\xampp\\htdocs...', 123, Array)
#1 C:\xampp\htdocs\SIPM_polda\system\View\View.php(210): include('C:\\xampp\\htdocs...')
#2 C:\xampp\htdocs\SIPM_polda\system\View\View.php(213): CodeIgniter\View\View->CodeIgniter\View\{closure}()
#3 C:\xampp\htdocs\SIPM_polda\system\View\View.php(226): CodeIgniter\View\View->render('user/templates/...', Array, true)
#4 C:\xampp\htdocs\SIPM_polda\system\Common.php(1089): CodeIgniter\View\View->render('user/pengaduan/...', Array, true)
#5 C:\xampp\htdocs\SIPM_polda\app\Controllers\User.php(129): view('user/pengaduan/...')
#6 C:\xampp\htdocs\SIPM_polda\system\CodeIgniter.php(832): App\Controllers\User->detail()
#7 C:\xampp\htdocs\SIPM_polda\system\CodeIgniter.php(419): CodeIgniter\CodeIgniter->runController(Object(App\Controllers\User))
#8 C:\xampp\htdocs\SIPM_polda\system\CodeIgniter.php(326): CodeIgniter\CodeIgniter->handleRequest(NULL, Object(Config\Cache), false)
#9 C:\xampp\htdocs\SIPM_polda\public\index.php(37): CodeIgniter\CodeIgniter->run()
#10 C:\xampp\htdocs\SIPM_polda\system\Commands\Server\rewrite.php(43): require_once('C:\\xampp\\htdocs...')
#11 {main}
